<?xml version="1.0" encoding="UTF-8"?>
<testsuite name="com.github.felipegutierrez.explore.spring.utils.PkceUtilTest" tests="3" skipped="1" failures="0" errors="0" timestamp="2021-07-08T07:09:01" hostname="alreadytaken" time="0.049">
  <properties/>
  <testcase name="generateCodeVerifier()" classname="com.github.felipegutierrez.explore.spring.utils.PkceUtilTest" time="0.045"/>
  <testcase name="generateCodeChallenge()" classname="com.github.felipegutierrez.explore.spring.utils.PkceUtilTest" time="0.001"/>
  <testcase name="validateCodeChallenge()" classname="com.github.felipegutierrez.explore.spring.utils.PkceUtilTest" time="0.0">
    <skipped/>
  </testcase>
  <system-out><![CDATA[EY1jWl7GrWT0Zt1MjzDmA-6tnl0l9rWuSHI0knHuHic
]]></system-out>
  <system-err><![CDATA[]]></system-err>
</testsuite>
