<?xml version="1.0" encoding="UTF-8"?>
<testsuite name="com.github.felipegutierrez.explore.spring.utils.PkceUtilTest" tests="3" skipped="1" failures="0" errors="0" timestamp="2021-07-07T06:20:51" hostname="alreadytaken" time="0.051">
  <properties/>
  <testcase name="generateCodeVerifier()" classname="com.github.felipegutierrez.explore.spring.utils.PkceUtilTest" time="0.045"/>
  <testcase name="generateCodeChallenge()" classname="com.github.felipegutierrez.explore.spring.utils.PkceUtilTest" time="0.002"/>
  <testcase name="validateCodeChallenge()" classname="com.github.felipegutierrez.explore.spring.utils.PkceUtilTest" time="0.001">
    <skipped/>
  </testcase>
  <system-out><![CDATA[7xm40k-0ShNh7tQPSenM0sPT-FQ8GOdXmIC5lFsSC8I
]]></system-out>
  <system-err><![CDATA[]]></system-err>
</testsuite>
