<?xml version="1.0" encoding="UTF-8"?>
<testsuite name="com.github.felipegutierrez.explore.basics.FluxAndMonoFactoryTest" tests="9" skipped="0" failures="0" errors="0" timestamp="2021-04-19T07:40:51" hostname="stamina" time="0.047">
  <properties/>
  <testcase name="testMono()" classname="com.github.felipegutierrez.explore.basics.FluxAndMonoFactoryTest" time="0.005"/>
  <testcase name="testFluxFromRange()" classname="com.github.felipegutierrez.explore.basics.FluxAndMonoFactoryTest" time="0.012"/>
  <testcase name="testFluxUsingIterableRepeat()" classname="com.github.felipegutierrez.explore.basics.FluxAndMonoFactoryTest" time="0.006"/>
  <testcase name="testEmptyMono()" classname="com.github.felipegutierrez.explore.basics.FluxAndMonoFactoryTest" time="0.002"/>
  <testcase name="testFluxUsingStream()" classname="com.github.felipegutierrez.explore.basics.FluxAndMonoFactoryTest" time="0.002"/>
  <testcase name="testFluxUsingIterableWithFilter()" classname="com.github.felipegutierrez.explore.basics.FluxAndMonoFactoryTest" time="0.004"/>
  <testcase name="testFluxUsingIterable()" classname="com.github.felipegutierrez.explore.basics.FluxAndMonoFactoryTest" time="0.002"/>
  <testcase name="testFluxUsingArray()" classname="com.github.felipegutierrez.explore.basics.FluxAndMonoFactoryTest" time="0.004"/>
  <testcase name="testMonoWithSupplier()" classname="com.github.felipegutierrez.explore.basics.FluxAndMonoFactoryTest" time="0.003"/>
  <system-out><![CDATA[09:40:51.990 [Test worker] INFO reactor.Mono.Just.30 - | onSubscribe([Synchronous Fuseable] Operators.ScalarSubscription)
09:40:51.991 [Test worker] INFO reactor.Mono.Just.30 - | request(unbounded)
09:40:51.991 [Test worker] INFO reactor.Mono.Just.30 - | onNext(Spring Boot Reactive Spring)
09:40:51.991 [Test worker] INFO reactor.Mono.Just.30 - | onComplete()
09:40:51.996 [Test worker] INFO reactor.Flux.Range.31 - | onSubscribe([Synchronous Fuseable] FluxRange.RangeSubscription)
09:40:51.997 [Test worker] INFO reactor.Flux.Range.31 - | request(unbounded)
09:40:51.997 [Test worker] INFO reactor.Flux.Range.31 - | onNext(0)
09:40:51.997 [Test worker] INFO reactor.Flux.Range.31 - | onNext(1)
09:40:51.997 [Test worker] INFO reactor.Flux.Range.31 - | onNext(2)
09:40:51.997 [Test worker] INFO reactor.Flux.Range.31 - | onNext(3)
09:40:51.997 [Test worker] INFO reactor.Flux.Range.31 - | onNext(4)
09:40:51.997 [Test worker] INFO reactor.Flux.Range.31 - | onNext(5)
09:40:51.997 [Test worker] INFO reactor.Flux.Range.31 - | onNext(6)
09:40:51.998 [Test worker] INFO reactor.Flux.Range.31 - | onNext(7)
09:40:51.998 [Test worker] INFO reactor.Flux.Range.31 - | onNext(8)
09:40:51.998 [Test worker] INFO reactor.Flux.Range.31 - | onNext(9)
09:40:51.998 [Test worker] INFO reactor.Flux.Range.31 - | onNext(10)
09:40:51.998 [Test worker] INFO reactor.Flux.Range.31 - | onNext(11)
09:40:51.998 [Test worker] INFO reactor.Flux.Range.31 - | onNext(12)
09:40:51.998 [Test worker] INFO reactor.Flux.Range.31 - | onNext(13)
09:40:51.998 [Test worker] INFO reactor.Flux.Range.31 - | onNext(14)
09:40:51.998 [Test worker] INFO reactor.Flux.Range.31 - | onNext(15)
09:40:51.998 [Test worker] INFO reactor.Flux.Range.31 - | onNext(16)
09:40:51.998 [Test worker] INFO reactor.Flux.Range.31 - | onNext(17)
09:40:51.998 [Test worker] INFO reactor.Flux.Range.31 - | onNext(18)
09:40:51.999 [Test worker] INFO reactor.Flux.Range.31 - | onNext(19)
09:40:51.999 [Test worker] INFO reactor.Flux.Range.31 - | onNext(20)
09:40:51.999 [Test worker] INFO reactor.Flux.Range.31 - | onNext(21)
09:40:51.999 [Test worker] INFO reactor.Flux.Range.31 - | onNext(22)
09:40:51.999 [Test worker] INFO reactor.Flux.Range.31 - | onNext(23)
09:40:51.999 [Test worker] INFO reactor.Flux.Range.31 - | onNext(24)
09:40:51.999 [Test worker] INFO reactor.Flux.Range.31 - | onNext(25)
09:40:51.999 [Test worker] INFO reactor.Flux.Range.31 - | onNext(26)
09:40:51.999 [Test worker] INFO reactor.Flux.Range.31 - | onNext(27)
09:40:51.999 [Test worker] INFO reactor.Flux.Range.31 - | onNext(28)
09:40:52.000 [Test worker] INFO reactor.Flux.Range.31 - | onNext(29)
09:40:52.000 [Test worker] INFO reactor.Flux.Range.31 - | onNext(30)
09:40:52.000 [Test worker] INFO reactor.Flux.Range.31 - | onNext(31)
09:40:52.000 [Test worker] INFO reactor.Flux.Range.31 - | onNext(32)
09:40:52.000 [Test worker] INFO reactor.Flux.Range.31 - | onNext(33)
09:40:52.000 [Test worker] INFO reactor.Flux.Range.31 - | onNext(34)
09:40:52.000 [Test worker] INFO reactor.Flux.Range.31 - | onNext(35)
09:40:52.000 [Test worker] INFO reactor.Flux.Range.31 - | onNext(36)
09:40:52.000 [Test worker] INFO reactor.Flux.Range.31 - | onNext(37)
09:40:52.000 [Test worker] INFO reactor.Flux.Range.31 - | onNext(38)
09:40:52.000 [Test worker] INFO reactor.Flux.Range.31 - | onNext(39)
09:40:52.000 [Test worker] INFO reactor.Flux.Range.31 - | onNext(40)
09:40:52.000 [Test worker] INFO reactor.Flux.Range.31 - | onNext(41)
09:40:52.000 [Test worker] INFO reactor.Flux.Range.31 - | onNext(42)
09:40:52.001 [Test worker] INFO reactor.Flux.Range.31 - | onNext(43)
09:40:52.001 [Test worker] INFO reactor.Flux.Range.31 - | onNext(44)
09:40:52.001 [Test worker] INFO reactor.Flux.Range.31 - | onNext(45)
09:40:52.001 [Test worker] INFO reactor.Flux.Range.31 - | onNext(46)
09:40:52.001 [Test worker] INFO reactor.Flux.Range.31 - | onNext(47)
09:40:52.001 [Test worker] INFO reactor.Flux.Range.31 - | onNext(48)
09:40:52.001 [Test worker] INFO reactor.Flux.Range.31 - | onNext(49)
09:40:52.001 [Test worker] INFO reactor.Flux.Range.31 - | onNext(50)
09:40:52.001 [Test worker] INFO reactor.Flux.Range.31 - | onNext(51)
09:40:52.001 [Test worker] INFO reactor.Flux.Range.31 - | onNext(52)
09:40:52.001 [Test worker] INFO reactor.Flux.Range.31 - | onNext(53)
09:40:52.001 [Test worker] INFO reactor.Flux.Range.31 - | onNext(54)
09:40:52.001 [Test worker] INFO reactor.Flux.Range.31 - | onNext(55)
09:40:52.001 [Test worker] INFO reactor.Flux.Range.31 - | onNext(56)
09:40:52.002 [Test worker] INFO reactor.Flux.Range.31 - | onNext(57)
09:40:52.002 [Test worker] INFO reactor.Flux.Range.31 - | onNext(58)
09:40:52.002 [Test worker] INFO reactor.Flux.Range.31 - | onNext(59)
09:40:52.002 [Test worker] INFO reactor.Flux.Range.31 - | onNext(60)
09:40:52.002 [Test worker] INFO reactor.Flux.Range.31 - | onNext(61)
09:40:52.002 [Test worker] INFO reactor.Flux.Range.31 - | onNext(62)
09:40:52.002 [Test worker] INFO reactor.Flux.Range.31 - | onNext(63)
09:40:52.002 [Test worker] INFO reactor.Flux.Range.31 - | onNext(64)
09:40:52.002 [Test worker] INFO reactor.Flux.Range.31 - | onNext(65)
09:40:52.002 [Test worker] INFO reactor.Flux.Range.31 - | onNext(66)
09:40:52.002 [Test worker] INFO reactor.Flux.Range.31 - | onNext(67)
09:40:52.002 [Test worker] INFO reactor.Flux.Range.31 - | onNext(68)
09:40:52.002 [Test worker] INFO reactor.Flux.Range.31 - | onNext(69)
09:40:52.002 [Test worker] INFO reactor.Flux.Range.31 - | onNext(70)
09:40:52.002 [Test worker] INFO reactor.Flux.Range.31 - | onNext(71)
09:40:52.003 [Test worker] INFO reactor.Flux.Range.31 - | onNext(72)
09:40:52.003 [Test worker] INFO reactor.Flux.Range.31 - | onNext(73)
09:40:52.003 [Test worker] INFO reactor.Flux.Range.31 - | onNext(74)
09:40:52.003 [Test worker] INFO reactor.Flux.Range.31 - | onNext(75)
09:40:52.003 [Test worker] INFO reactor.Flux.Range.31 - | onNext(76)
09:40:52.003 [Test worker] INFO reactor.Flux.Range.31 - | onNext(77)
09:40:52.003 [Test worker] INFO reactor.Flux.Range.31 - | onNext(78)
09:40:52.003 [Test worker] INFO reactor.Flux.Range.31 - | onNext(79)
09:40:52.003 [Test worker] INFO reactor.Flux.Range.31 - | onNext(80)
09:40:52.003 [Test worker] INFO reactor.Flux.Range.31 - | onNext(81)
09:40:52.003 [Test worker] INFO reactor.Flux.Range.31 - | onNext(82)
09:40:52.003 [Test worker] INFO reactor.Flux.Range.31 - | onNext(83)
09:40:52.003 [Test worker] INFO reactor.Flux.Range.31 - | onNext(84)
09:40:52.003 [Test worker] INFO reactor.Flux.Range.31 - | onNext(85)
09:40:52.003 [Test worker] INFO reactor.Flux.Range.31 - | onNext(86)
09:40:52.004 [Test worker] INFO reactor.Flux.Range.31 - | onNext(87)
09:40:52.004 [Test worker] INFO reactor.Flux.Range.31 - | onNext(88)
09:40:52.004 [Test worker] INFO reactor.Flux.Range.31 - | onNext(89)
09:40:52.004 [Test worker] INFO reactor.Flux.Range.31 - | onNext(90)
09:40:52.004 [Test worker] INFO reactor.Flux.Range.31 - | onNext(91)
09:40:52.004 [Test worker] INFO reactor.Flux.Range.31 - | onNext(92)
09:40:52.004 [Test worker] INFO reactor.Flux.Range.31 - | onNext(93)
09:40:52.004 [Test worker] INFO reactor.Flux.Range.31 - | onNext(94)
09:40:52.004 [Test worker] INFO reactor.Flux.Range.31 - | onNext(95)
09:40:52.004 [Test worker] INFO reactor.Flux.Range.31 - | onNext(96)
09:40:52.004 [Test worker] INFO reactor.Flux.Range.31 - | onNext(97)
09:40:52.004 [Test worker] INFO reactor.Flux.Range.31 - | onNext(98)
09:40:52.004 [Test worker] INFO reactor.Flux.Range.31 - | onNext(99)
09:40:52.004 [Test worker] INFO reactor.Flux.Range.31 - | onComplete()
09:40:52.009 [Test worker] INFO reactor.Flux.Repeat.32 - onSubscribe(FluxRepeat.RepeatSubscriber)
09:40:52.010 [Test worker] INFO reactor.Flux.Repeat.32 - request(unbounded)
09:40:52.010 [Test worker] INFO reactor.Flux.Repeat.32 - onNext(Spring)
09:40:52.010 [Test worker] INFO reactor.Flux.Repeat.32 - onNext(Spring Boot)
09:40:52.010 [Test worker] INFO reactor.Flux.Repeat.32 - onNext(Reactive Spring)
09:40:52.010 [Test worker] INFO reactor.Flux.Repeat.32 - onNext(Spring)
09:40:52.010 [Test worker] INFO reactor.Flux.Repeat.32 - onNext(Spring Boot)
09:40:52.010 [Test worker] INFO reactor.Flux.Repeat.32 - onNext(Reactive Spring)
09:40:52.010 [Test worker] INFO reactor.Flux.Repeat.32 - onNext(Spring)
09:40:52.010 [Test worker] INFO reactor.Flux.Repeat.32 - onNext(Spring Boot)
09:40:52.010 [Test worker] INFO reactor.Flux.Repeat.32 - onNext(Reactive Spring)
09:40:52.010 [Test worker] INFO reactor.Flux.Repeat.32 - onNext(Spring)
09:40:52.011 [Test worker] INFO reactor.Flux.Repeat.32 - onNext(Spring Boot)
09:40:52.011 [Test worker] INFO reactor.Flux.Repeat.32 - onNext(Reactive Spring)
09:40:52.011 [Test worker] INFO reactor.Flux.Repeat.32 - onNext(Spring)
09:40:52.011 [Test worker] INFO reactor.Flux.Repeat.32 - onNext(Spring Boot)
09:40:52.011 [Test worker] INFO reactor.Flux.Repeat.32 - onNext(Reactive Spring)
09:40:52.011 [Test worker] INFO reactor.Flux.Repeat.32 - onComplete()
09:40:52.014 [Test worker] INFO reactor.Mono.Empty.33 - onSubscribe([Fuseable] Operators.EmptySubscription)
09:40:52.014 [Test worker] INFO reactor.Mono.Empty.33 - request(unbounded)
09:40:52.014 [Test worker] INFO reactor.Mono.Empty.33 - onComplete()
09:40:52.016 [Test worker] INFO reactor.Flux.Stream.34 - | onSubscribe([Synchronous Fuseable] FluxIterable.IterableSubscription)
09:40:52.017 [Test worker] INFO reactor.Flux.Stream.34 - | request(unbounded)
09:40:52.017 [Test worker] INFO reactor.Flux.Stream.34 - | onNext(Spring)
09:40:52.017 [Test worker] INFO reactor.Flux.Stream.34 - | onNext(Spring Boot)
09:40:52.017 [Test worker] INFO reactor.Flux.Stream.34 - | onNext(Reactive Spring)
09:40:52.017 [Test worker] INFO reactor.Flux.Stream.34 - | onComplete()
09:40:52.020 [Test worker] INFO reactor.Flux.FilterFuseable.35 - | onSubscribe([Fuseable] FluxFilterFuseable.FilterFuseableSubscriber)
09:40:52.020 [Test worker] INFO reactor.Flux.FilterFuseable.35 - | request(unbounded)
09:40:52.020 [Test worker] INFO reactor.Flux.FilterFuseable.35 - | onNext(Spring)
09:40:52.020 [Test worker] INFO reactor.Flux.FilterFuseable.35 - | onNext(Spring Boot)
09:40:52.020 [Test worker] INFO reactor.Flux.FilterFuseable.35 - | onNext(Reactive Spring)
09:40:52.020 [Test worker] INFO reactor.Flux.FilterFuseable.35 - | onComplete()
09:40:52.021 [Test worker] INFO reactor.Flux.FilterFuseable.35 - | onSubscribe([Fuseable] FluxFilterFuseable.FilterFuseableSubscriber)
09:40:52.021 [Test worker] INFO reactor.Flux.FilterFuseable.35 - | request(unbounded)
09:40:52.021 [Test worker] INFO reactor.Flux.FilterFuseable.35 - | onNext(Spring)
09:40:52.021 [Test worker] INFO reactor.Flux.FilterFuseable.35 - | onNext(Spring Boot)
09:40:52.021 [Test worker] INFO reactor.Flux.FilterFuseable.35 - | onNext(Reactive Spring)
09:40:52.021 [Test worker] INFO reactor.Flux.FilterFuseable.35 - | onComplete()
09:40:52.024 [Test worker] INFO reactor.Flux.Iterable.36 - | onSubscribe([Synchronous Fuseable] FluxIterable.IterableSubscription)
09:40:52.024 [Test worker] INFO reactor.Flux.Iterable.36 - | request(unbounded)
09:40:52.024 [Test worker] INFO reactor.Flux.Iterable.36 - | onNext(Spring)
09:40:52.024 [Test worker] INFO reactor.Flux.Iterable.36 - | onNext(Spring Boot)
09:40:52.024 [Test worker] INFO reactor.Flux.Iterable.36 - | onNext(Reactive Spring)
09:40:52.024 [Test worker] INFO reactor.Flux.Iterable.36 - | onComplete()
09:40:52.029 [Test worker] INFO reactor.Flux.Array.37 - | onSubscribe([Synchronous Fuseable] FluxArray.ArraySubscription)
09:40:52.029 [Test worker] INFO reactor.Flux.Array.37 - | request(unbounded)
09:40:52.029 [Test worker] INFO reactor.Flux.Array.37 - | onNext(Spring)
09:40:52.029 [Test worker] INFO reactor.Flux.Array.37 - | onNext(Spring Boot)
09:40:52.029 [Test worker] INFO reactor.Flux.Array.37 - | onNext(Reactive Spring)
09:40:52.029 [Test worker] INFO reactor.Flux.Array.37 - | onComplete()
09:40:52.033 [Test worker] INFO reactor.Mono.Supplier.38 - | onSubscribe([Fuseable] Operators.MonoSubscriber)
09:40:52.033 [Test worker] INFO reactor.Mono.Supplier.38 - | request(unbounded)
09:40:52.033 [Test worker] INFO reactor.Mono.Supplier.38 - | onNext(Spring Boot Reactive Spring)
09:40:52.033 [Test worker] INFO reactor.Mono.Supplier.38 - | onComplete()
]]></system-out>
  <system-err><![CDATA[]]></system-err>
</testsuite>
