<?xml version="1.0" encoding="UTF-8"?>
<testsuite name="com.github.felipegutierrez.explore.basics.FluxAndMonoStreamsTest" tests="5" skipped="0" failures="0" errors="0" timestamp="2021-04-19T07:40:43" hostname="stamina" time="8.695">
  <properties/>
  <testcase name="testCreateFluxStreamWithMapAndDelay()" classname="com.github.felipegutierrez.explore.basics.FluxAndMonoStreamsTest" time="4.017"/>
  <testcase name="testCreateFluxStreamWithMapAndDelayWithVirtualTime()" classname="com.github.felipegutierrez.explore.basics.FluxAndMonoStreamsTest" time="0.057"/>
  <testcase name="testCreateFluxStreamWithMap()" classname="com.github.felipegutierrez.explore.basics.FluxAndMonoStreamsTest" time="0.305"/>
  <testcase name="testCreateFluxStreamWithMapAndVerifyDelay()" classname="com.github.felipegutierrez.explore.basics.FluxAndMonoStreamsTest" time="4.01"/>
  <testcase name="testCreateFluxStream()" classname="com.github.felipegutierrez.explore.basics.FluxAndMonoStreamsTest" time="0.303"/>
  <system-out><![CDATA[09:40:43.297 [Test worker] INFO reactor.Flux.Take.25 - onSubscribe(FluxTake.TakeSubscriber)
09:40:43.297 [Test worker] INFO reactor.Flux.Take.25 - request(unbounded)
09:40:44.300 [parallel-3] INFO reactor.Flux.Take.25 - onNext(0.0)
09:40:45.300 [parallel-3] INFO reactor.Flux.Take.25 - onNext(1.0)
09:40:46.300 [parallel-3] INFO reactor.Flux.Take.25 - onNext(2.0)
09:40:47.300 [parallel-3] INFO reactor.Flux.Take.25 - onNext(3.0)
09:40:47.302 [parallel-3] INFO reactor.Flux.Take.25 - onComplete()
09:40:47.353 [Test worker] INFO reactor.Flux.Take.26 - onSubscribe(FluxTake.TakeSubscriber)
09:40:47.354 [Test worker] INFO reactor.Flux.Take.26 - request(unbounded)
09:40:47.357 [Test worker] INFO reactor.Flux.Take.26 - onNext(0.0)
09:40:47.357 [Test worker] INFO reactor.Flux.Take.26 - onNext(1.0)
09:40:47.358 [Test worker] INFO reactor.Flux.Take.26 - onNext(2.0)
09:40:47.358 [Test worker] INFO reactor.Flux.Take.26 - onNext(3.0)
09:40:47.358 [Test worker] INFO reactor.Flux.Take.26 - onNext(4.0)
09:40:47.359 [Test worker] INFO reactor.Flux.Take.26 - onNext(5.0)
09:40:47.359 [Test worker] INFO reactor.Flux.Take.26 - onNext(6.0)
09:40:47.359 [Test worker] INFO reactor.Flux.Take.26 - onNext(7.0)
09:40:47.360 [Test worker] INFO reactor.Flux.Take.26 - onNext(8.0)
09:40:47.360 [Test worker] INFO reactor.Flux.Take.26 - onNext(9.0)
09:40:47.360 [Test worker] INFO reactor.Flux.Take.26 - onComplete()
09:40:47.364 [Test worker] INFO reactor.Flux.Take.27 - onSubscribe(FluxTake.TakeSubscriber)
09:40:47.365 [Test worker] INFO reactor.Flux.Take.27 - request(unbounded)
09:40:47.466 [parallel-4] INFO reactor.Flux.Take.27 - onNext(0.0)
09:40:47.565 [parallel-4] INFO reactor.Flux.Take.27 - onNext(1.0)
09:40:47.665 [parallel-4] INFO reactor.Flux.Take.27 - onNext(2.0)
09:40:47.666 [parallel-4] INFO reactor.Flux.Take.27 - onComplete()
09:40:47.675 [Test worker] INFO reactor.Flux.Take.28 - onSubscribe(FluxTake.TakeSubscriber)
09:40:47.676 [Test worker] INFO reactor.Flux.Take.28 - request(unbounded)
09:40:48.676 [parallel-1] INFO reactor.Flux.Take.28 - onNext(0.0)
09:40:49.676 [parallel-1] INFO reactor.Flux.Take.28 - onNext(1.0)
09:40:50.676 [parallel-1] INFO reactor.Flux.Take.28 - onNext(2.0)
09:40:51.676 [parallel-1] INFO reactor.Flux.Take.28 - onNext(3.0)
09:40:51.677 [parallel-1] INFO reactor.Flux.Take.28 - onComplete()
09:40:51.679 [Test worker] INFO reactor.Flux.Take.29 - onSubscribe(FluxTake.TakeSubscriber)
09:40:51.679 [Test worker] INFO reactor.Flux.Take.29 - request(unbounded)
09:40:51.779 [parallel-2] INFO reactor.Flux.Take.29 - onNext(0)
09:40:51.879 [parallel-2] INFO reactor.Flux.Take.29 - onNext(1)
09:40:51.979 [parallel-2] INFO reactor.Flux.Take.29 - onNext(2)
09:40:51.980 [parallel-2] INFO reactor.Flux.Take.29 - onComplete()
]]></system-out>
  <system-err><![CDATA[]]></system-err>
</testsuite>
