<?xml version="1.0" encoding="UTF-8"?>
<testsuite name="com.github.felipegutierrez.explore.basics.FluxAndMonoTransformationsTest" tests="10" skipped="0" failures="0" errors="0" timestamp="2021-04-19T07:40:16" hostname="stamina" time="26.566">
  <properties/>
  <testcase name="testFluxUsingHashGroupBy()" classname="com.github.felipegutierrez.explore.basics.FluxAndMonoTransformationsTest" time="1.372"/>
  <testcase name="testFluxUsingMergeWithDelay()" classname="com.github.felipegutierrez.explore.basics.FluxAndMonoTransformationsTest" time="3.021"/>
  <testcase name="testFluxUsingIterableParallelMaintainOrder()" classname="com.github.felipegutierrez.explore.basics.FluxAndMonoTransformationsTest" time="3.037"/>
  <testcase name="testFluxUsingConcat()" classname="com.github.felipegutierrez.explore.basics.FluxAndMonoTransformationsTest" time="0.005"/>
  <testcase name="testFluxUsingConcatWithDelay()" classname="com.github.felipegutierrez.explore.basics.FluxAndMonoTransformationsTest" time="6.006"/>
  <testcase name="testFluxUsingGroupBy()" classname="com.github.felipegutierrez.explore.basics.FluxAndMonoTransformationsTest" time="1.071"/>
  <testcase name="testFluxUsingZip()" classname="com.github.felipegutierrez.explore.basics.FluxAndMonoTransformationsTest" time="0.013"/>
  <testcase name="testFluxUsingIterable()" classname="com.github.felipegutierrez.explore.basics.FluxAndMonoTransformationsTest" time="9.017"/>
  <testcase name="testFluxUsingIterableParallel()" classname="com.github.felipegutierrez.explore.basics.FluxAndMonoTransformationsTest" time="3.01"/>
  <testcase name="testFluxUsingMerge()" classname="com.github.felipegutierrez.explore.basics.FluxAndMonoTransformationsTest" time="0.003"/>
  <system-out><![CDATA[09:40:16.838 [Test worker] INFO reactor.Flux.ConcatMap.5 - onSubscribe(FluxConcatMap.ConcatMapImmediate)
09:40:16.838 [Test worker] INFO reactor.Flux.ConcatMap.5 - request(256)
09:40:16.849 [parallel-1] INFO reactor.Flux.ConcatMap.5 - onNext(Data(key=0, value=Spring, partition=1))
09:40:16.938 [parallel-1] INFO reactor.Flux.ConcatMap.5 - request(1)
09:40:16.949 [parallel-2] INFO reactor.Flux.ConcatMap.5 - onNext(Data(key=1, value=java with lambda, partition=2))
09:40:16.949 [parallel-2] INFO reactor.Flux.ConcatMap.5 - request(1)
09:40:16.960 [parallel-3] INFO reactor.Flux.ConcatMap.5 - onNext(Data(key=2, value=Scala rocks, partition=1))
09:40:16.971 [parallel-4] INFO reactor.Flux.ConcatMap.5 - onNext(Data(key=3, value=Scala rocks, partition=1))
09:40:16.982 [parallel-1] INFO reactor.Flux.ConcatMap.5 - onNext(Data(key=4, value=reactive programming, partition=-2))
09:40:16.982 [parallel-1] INFO reactor.Flux.ConcatMap.5 - request(1)
09:40:16.993 [parallel-2] INFO reactor.Flux.ConcatMap.5 - onNext(Data(key=5, value=java 8, partition=2))
09:40:17.004 [parallel-3] INFO reactor.Flux.ConcatMap.5 - onNext(Data(key=6, value=reactive programming, partition=-2))
09:40:17.014 [parallel-4] INFO reactor.Flux.ConcatMap.5 - onNext(Data(key=7, value=Spring Boot, partition=-2))
09:40:17.025 [parallel-1] INFO reactor.Flux.ConcatMap.5 - onNext(Data(key=8, value=Scala rocks, partition=1))
09:40:17.036 [parallel-2] INFO reactor.Flux.ConcatMap.5 - onNext(Data(key=9, value=Reactive Spring, partition=2))
09:40:17.047 [parallel-3] INFO reactor.Flux.ConcatMap.5 - onNext(Data(key=10, value=Spring Boot, partition=-2))
09:40:17.058 [parallel-4] INFO reactor.Flux.ConcatMap.5 - onNext(Data(key=11, value=Spring, partition=1))
09:40:17.070 [parallel-1] INFO reactor.Flux.ConcatMap.5 - onNext(Data(key=12, value=reactive programming, partition=-2))
09:40:17.081 [parallel-2] INFO reactor.Flux.ConcatMap.5 - onNext(Data(key=13, value=Spring Boot, partition=-2))
09:40:17.092 [parallel-3] INFO reactor.Flux.ConcatMap.5 - onNext(Data(key=14, value=Reactive Spring, partition=2))
09:40:17.103 [parallel-4] INFO reactor.Flux.ConcatMap.5 - onNext(Data(key=15, value=Spring, partition=1))
09:40:17.115 [parallel-1] INFO reactor.Flux.ConcatMap.5 - onNext(Data(key=16, value=but Java is catching up, partition=2))
09:40:17.125 [parallel-2] INFO reactor.Flux.ConcatMap.5 - onNext(Data(key=17, value=but Java is catching up, partition=2))
09:40:17.136 [parallel-3] INFO reactor.Flux.ConcatMap.5 - onNext(Data(key=18, value=Scala, partition=1))
09:40:17.147 [parallel-4] INFO reactor.Flux.ConcatMap.5 - onNext(Data(key=19, value=but Java is catching up, partition=2))
09:40:17.157 [parallel-1] INFO reactor.Flux.ConcatMap.5 - onNext(Data(key=20, value=java 8, partition=2))
09:40:17.169 [parallel-2] INFO reactor.Flux.ConcatMap.5 - onNext(Data(key=21, value=but Java is catching up, partition=2))
09:40:17.180 [parallel-3] INFO reactor.Flux.ConcatMap.5 - onNext(Data(key=22, value=Scala rocks, partition=1))
09:40:17.191 [parallel-4] INFO reactor.Flux.ConcatMap.5 - onNext(Data(key=23, value=reactive programming, partition=-2))
09:40:17.202 [parallel-1] INFO reactor.Flux.ConcatMap.5 - onNext(Data(key=24, value=Scala, partition=1))
09:40:17.212 [parallel-2] INFO reactor.Flux.ConcatMap.5 - onNext(Data(key=25, value=reactive programming, partition=-2))
09:40:17.224 [parallel-3] INFO reactor.Flux.ConcatMap.5 - onNext(Data(key=26, value=reactive programming, partition=-2))
09:40:17.235 [parallel-4] INFO reactor.Flux.ConcatMap.5 - onNext(Data(key=27, value=but Java is catching up, partition=2))
09:40:17.245 [parallel-1] INFO reactor.Flux.ConcatMap.5 - onNext(Data(key=28, value=java with lambda, partition=2))
09:40:17.256 [parallel-2] INFO reactor.Flux.ConcatMap.5 - onNext(Data(key=29, value=Spring, partition=1))
09:40:17.267 [parallel-3] INFO reactor.Flux.ConcatMap.5 - onNext(Data(key=30, value=reactive programming, partition=-2))
09:40:17.278 [parallel-4] INFO reactor.Flux.ConcatMap.5 - onNext(Data(key=31, value=reactive programming, partition=-2))
09:40:17.288 [parallel-1] INFO reactor.Flux.ConcatMap.5 - onNext(Data(key=32, value=Scala rocks, partition=1))
09:40:17.299 [parallel-2] INFO reactor.Flux.ConcatMap.5 - onNext(Data(key=33, value=Scala, partition=1))
09:40:17.310 [parallel-3] INFO reactor.Flux.ConcatMap.5 - onNext(Data(key=34, value=Scala rocks, partition=1))
09:40:17.321 [parallel-4] INFO reactor.Flux.ConcatMap.5 - onNext(Data(key=35, value=reactive programming, partition=-2))
09:40:17.331 [parallel-1] INFO reactor.Flux.ConcatMap.5 - onNext(Data(key=36, value=Spring, partition=1))
09:40:17.342 [parallel-2] INFO reactor.Flux.ConcatMap.5 - onNext(Data(key=37, value=Scala rocks, partition=1))
09:40:17.353 [parallel-3] INFO reactor.Flux.ConcatMap.5 - onNext(Data(key=38, value=Scala rocks, partition=1))
09:40:17.364 [parallel-4] INFO reactor.Flux.ConcatMap.5 - onNext(Data(key=39, value=java 8, partition=2))
09:40:17.374 [parallel-1] INFO reactor.Flux.ConcatMap.5 - onNext(Data(key=40, value=Spring Boot, partition=-2))
09:40:17.385 [parallel-2] INFO reactor.Flux.ConcatMap.5 - onNext(Data(key=41, value=java 8, partition=2))
09:40:17.396 [parallel-3] INFO reactor.Flux.ConcatMap.5 - onNext(Data(key=42, value=java with lambda, partition=2))
09:40:17.407 [parallel-4] INFO reactor.Flux.ConcatMap.5 - onNext(Data(key=43, value=Scala, partition=1))
09:40:17.417 [parallel-1] INFO reactor.Flux.ConcatMap.5 - onNext(Data(key=44, value=Reactive Spring, partition=2))
09:40:17.428 [parallel-2] INFO reactor.Flux.ConcatMap.5 - onNext(Data(key=45, value=but Java is catching up, partition=2))
09:40:17.439 [parallel-3] INFO reactor.Flux.ConcatMap.5 - onNext(Data(key=46, value=Scala, partition=1))
09:40:17.450 [parallel-4] INFO reactor.Flux.ConcatMap.5 - onNext(Data(key=47, value=Reactive Spring, partition=2))
09:40:17.460 [parallel-1] INFO reactor.Flux.ConcatMap.5 - onNext(Data(key=48, value=java with lambda, partition=2))
09:40:17.471 [parallel-2] INFO reactor.Flux.ConcatMap.5 - onNext(Data(key=49, value=java with lambda, partition=2))
09:40:17.483 [parallel-3] INFO reactor.Flux.ConcatMap.5 - onNext(Data(key=50, value=Reactive Spring, partition=2))
09:40:17.495 [parallel-4] INFO reactor.Flux.ConcatMap.5 - onNext(Data(key=51, value=Scala rocks, partition=1))
09:40:17.508 [parallel-1] INFO reactor.Flux.ConcatMap.5 - onNext(Data(key=52, value=Scala rocks, partition=1))
09:40:17.519 [parallel-2] INFO reactor.Flux.ConcatMap.5 - onNext(Data(key=53, value=reactive programming, partition=-2))
09:40:17.530 [parallel-3] INFO reactor.Flux.ConcatMap.5 - onNext(Data(key=54, value=reactive programming, partition=-2))
09:40:17.541 [parallel-4] INFO reactor.Flux.ConcatMap.5 - onNext(Data(key=55, value=java with lambda, partition=2))
09:40:17.551 [parallel-1] INFO reactor.Flux.ConcatMap.5 - onNext(Data(key=56, value=java 8, partition=2))
09:40:17.562 [parallel-2] INFO reactor.Flux.ConcatMap.5 - onNext(Data(key=57, value=but Java is catching up, partition=2))
09:40:17.573 [parallel-3] INFO reactor.Flux.ConcatMap.5 - onNext(Data(key=58, value=Reactive Spring, partition=2))
09:40:17.583 [parallel-4] INFO reactor.Flux.ConcatMap.5 - onNext(Data(key=59, value=Scala rocks, partition=1))
09:40:17.594 [parallel-1] INFO reactor.Flux.ConcatMap.5 - onNext(Data(key=60, value=Scala rocks, partition=1))
09:40:17.604 [parallel-2] INFO reactor.Flux.ConcatMap.5 - onNext(Data(key=61, value=Scala rocks, partition=1))
09:40:17.615 [parallel-3] INFO reactor.Flux.ConcatMap.5 - onNext(Data(key=62, value=Scala rocks, partition=1))
09:40:17.626 [parallel-4] INFO reactor.Flux.ConcatMap.5 - onNext(Data(key=63, value=Reactive Spring, partition=2))
09:40:17.636 [parallel-1] INFO reactor.Flux.ConcatMap.5 - onNext(Data(key=64, value=java with lambda, partition=2))
09:40:17.647 [parallel-2] INFO reactor.Flux.ConcatMap.5 - onNext(Data(key=65, value=Reactive Spring, partition=2))
09:40:17.658 [parallel-3] INFO reactor.Flux.ConcatMap.5 - onNext(Data(key=66, value=Spring Boot, partition=-2))
09:40:17.668 [parallel-4] INFO reactor.Flux.ConcatMap.5 - onNext(Data(key=67, value=Spring, partition=1))
09:40:17.679 [parallel-1] INFO reactor.Flux.ConcatMap.5 - onNext(Data(key=68, value=but Java is catching up, partition=2))
09:40:17.690 [parallel-2] INFO reactor.Flux.ConcatMap.5 - onNext(Data(key=69, value=Scala, partition=1))
09:40:17.700 [parallel-3] INFO reactor.Flux.ConcatMap.5 - onNext(Data(key=70, value=Scala rocks, partition=1))
09:40:17.711 [parallel-4] INFO reactor.Flux.ConcatMap.5 - onNext(Data(key=71, value=reactive programming, partition=-2))
09:40:17.721 [parallel-1] INFO reactor.Flux.ConcatMap.5 - onNext(Data(key=72, value=Reactive Spring, partition=2))
09:40:17.732 [parallel-2] INFO reactor.Flux.ConcatMap.5 - onNext(Data(key=73, value=but Java is catching up, partition=2))
09:40:17.742 [parallel-3] INFO reactor.Flux.ConcatMap.5 - onNext(Data(key=74, value=Scala, partition=1))
09:40:17.753 [parallel-4] INFO reactor.Flux.ConcatMap.5 - onNext(Data(key=75, value=but Java is catching up, partition=2))
09:40:17.764 [parallel-1] INFO reactor.Flux.ConcatMap.5 - onNext(Data(key=76, value=but Java is catching up, partition=2))
09:40:17.774 [parallel-2] INFO reactor.Flux.ConcatMap.5 - onNext(Data(key=77, value=reactive programming, partition=-2))
09:40:17.785 [parallel-3] INFO reactor.Flux.ConcatMap.5 - onNext(Data(key=78, value=Scala rocks, partition=1))
09:40:17.795 [parallel-4] INFO reactor.Flux.ConcatMap.5 - onNext(Data(key=79, value=Spring, partition=1))
09:40:17.806 [parallel-1] INFO reactor.Flux.ConcatMap.5 - onNext(Data(key=80, value=Spring, partition=1))
09:40:17.817 [parallel-2] INFO reactor.Flux.ConcatMap.5 - onNext(Data(key=81, value=java with lambda, partition=2))
09:40:17.827 [parallel-3] INFO reactor.Flux.ConcatMap.5 - onNext(Data(key=82, value=but Java is catching up, partition=2))
09:40:17.838 [parallel-4] INFO reactor.Flux.ConcatMap.5 - onNext(Data(key=83, value=but Java is catching up, partition=2))
09:40:17.849 [parallel-1] INFO reactor.Flux.ConcatMap.5 - onNext(Data(key=84, value=Scala, partition=1))
09:40:17.859 [parallel-2] INFO reactor.Flux.ConcatMap.5 - onNext(Data(key=85, value=Scala, partition=1))
09:40:17.870 [parallel-3] INFO reactor.Flux.ConcatMap.5 - onNext(Data(key=86, value=java 8, partition=2))
09:40:17.880 [parallel-4] INFO reactor.Flux.ConcatMap.5 - onNext(Data(key=87, value=java 8, partition=2))
09:40:17.891 [parallel-1] INFO reactor.Flux.ConcatMap.5 - onNext(Data(key=88, value=Spring Boot, partition=-2))
09:40:17.902 [parallel-2] INFO reactor.Flux.ConcatMap.5 - onNext(Data(key=89, value=but Java is catching up, partition=2))
09:40:17.912 [parallel-3] INFO reactor.Flux.ConcatMap.5 - onNext(Data(key=90, value=java with lambda, partition=2))
09:40:17.924 [parallel-4] INFO reactor.Flux.ConcatMap.5 - onNext(Data(key=91, value=Spring Boot, partition=-2))
09:40:17.935 [parallel-1] INFO reactor.Flux.ConcatMap.5 - onNext(Data(key=92, value=java 8, partition=2))
09:40:17.945 [parallel-2] INFO reactor.Flux.ConcatMap.5 - onNext(Data(key=93, value=java 8, partition=2))
09:40:17.956 [parallel-3] INFO reactor.Flux.ConcatMap.5 - onNext(Data(key=94, value=Scala rocks, partition=1))
09:40:17.966 [parallel-4] INFO reactor.Flux.ConcatMap.5 - onNext(Data(key=95, value=but Java is catching up, partition=2))
09:40:17.977 [parallel-1] INFO reactor.Flux.ConcatMap.5 - onNext(Data(key=96, value=java with lambda, partition=2))
09:40:17.987 [parallel-2] INFO reactor.Flux.ConcatMap.5 - onNext(Data(key=97, value=Scala, partition=1))
09:40:17.998 [parallel-3] INFO reactor.Flux.ConcatMap.5 - onNext(Data(key=98, value=java with lambda, partition=2))
09:40:18.008 [parallel-4] INFO reactor.Flux.ConcatMap.5 - onNext(Data(key=99, value=Spring Boot, partition=-2))
09:40:18.009 [parallel-4] INFO reactor.Flux.ConcatMap.5 - onComplete()
09:40:18.027 [Test worker] INFO reactor.Flux.Merge.6 - onSubscribe(FluxFlatMap.FlatMapMain)
09:40:18.027 [Test worker] INFO reactor.Flux.Merge.6 - request(unbounded)
09:40:19.028 [parallel-2] INFO reactor.Flux.Merge.6 - onNext(D)
09:40:19.029 [parallel-2] INFO reactor.Flux.Merge.6 - onNext(A)
09:40:20.028 [parallel-3] INFO reactor.Flux.Merge.6 - onNext(B)
09:40:20.029 [parallel-4] INFO reactor.Flux.Merge.6 - onNext(E)
09:40:21.029 [parallel-1] INFO reactor.Flux.Merge.6 - onNext(C)
09:40:21.030 [parallel-2] INFO reactor.Flux.Merge.6 - onNext(F)
09:40:21.030 [parallel-2] INFO reactor.Flux.Merge.6 - onComplete()
09:40:21.042 [Test worker] INFO reactor.Flux.FlatMap.7 - onSubscribe(FluxFlatMap.FlatMapMain)
09:40:21.042 [Test worker] INFO reactor.Flux.FlatMap.7 - request(unbounded)
09:40:22.066 [parallel-2] INFO reactor.Flux.FlatMap.7 - onNext(Spring)
09:40:22.066 [parallel-2] INFO reactor.Flux.FlatMap.7 - onNext(85740481-1a80-4691-be5f-13f660300338)
09:40:23.067 [parallel-4] INFO reactor.Flux.FlatMap.7 - onNext(Spring Boot)
09:40:23.067 [parallel-4] INFO reactor.Flux.FlatMap.7 - onNext(0f522369-e442-4149-902d-2b205c83c730)
09:40:23.067 [parallel-4] INFO reactor.Flux.FlatMap.7 - onNext(Reactive Spring)
09:40:23.067 [parallel-4] INFO reactor.Flux.FlatMap.7 - onNext(15c6d3b6-6a9d-4c63-b574-0755304882f4)
09:40:23.067 [parallel-4] INFO reactor.Flux.FlatMap.7 - onNext(java 8)
09:40:23.068 [parallel-4] INFO reactor.Flux.FlatMap.7 - onNext(f5ea82a0-cd93-4b2e-b54f-e6741655e2f5)
09:40:23.068 [parallel-4] INFO reactor.Flux.FlatMap.7 - onNext(reactive programming)
09:40:23.068 [parallel-4] INFO reactor.Flux.FlatMap.7 - onNext(a560a67f-baa9-49a0-8532-56e6bbbf39a1)
09:40:23.068 [parallel-4] INFO reactor.Flux.FlatMap.7 - onNext(java with lambda)
09:40:23.068 [parallel-4] INFO reactor.Flux.FlatMap.7 - onNext(23c4e775-8422-4c46-9230-3782b3033851)
09:40:23.069 [parallel-4] INFO reactor.Flux.FlatMap.7 - onNext(Scala)
09:40:23.069 [parallel-4] INFO reactor.Flux.FlatMap.7 - onNext(45be34ba-9c87-4303-9a2e-41c4d7af22b9)
09:40:23.069 [parallel-4] INFO reactor.Flux.FlatMap.7 - onNext(Scala rocks)
09:40:23.069 [parallel-4] INFO reactor.Flux.FlatMap.7 - onNext(6f5de029-dedd-45d4-ac9e-2f8c3af7d228)
09:40:24.067 [parallel-3] INFO reactor.Flux.FlatMap.7 - onNext(but Java is catching up)
09:40:24.067 [parallel-3] INFO reactor.Flux.FlatMap.7 - onNext(9276327f-dc50-421d-b77c-e8a60164fb05)
09:40:24.068 [parallel-3] INFO reactor.Flux.FlatMap.7 - onComplete()
09:40:24.073 [Test worker] INFO reactor.Flux.ConcatArray.8 - onSubscribe(FluxConcatArray.ConcatArraySubscriber)
09:40:24.073 [Test worker] INFO reactor.Flux.ConcatArray.8 - request(unbounded)
09:40:24.074 [Test worker] INFO reactor.Flux.ConcatArray.8 - onNext(A)
09:40:24.074 [Test worker] INFO reactor.Flux.ConcatArray.8 - onNext(B)
09:40:24.074 [Test worker] INFO reactor.Flux.ConcatArray.8 - onNext(C)
09:40:24.074 [Test worker] INFO reactor.Flux.ConcatArray.8 - onNext(D)
09:40:24.074 [Test worker] INFO reactor.Flux.ConcatArray.8 - onNext(E)
09:40:24.074 [Test worker] INFO reactor.Flux.ConcatArray.8 - onNext(F)
09:40:24.075 [Test worker] INFO reactor.Flux.ConcatArray.8 - onComplete()
09:40:24.078 [Test worker] INFO reactor.Flux.ConcatArray.9 - onSubscribe(FluxConcatArray.ConcatArraySubscriber)
09:40:24.078 [Test worker] INFO reactor.Flux.ConcatArray.9 - request(unbounded)
09:40:25.079 [parallel-4] INFO reactor.Flux.ConcatArray.9 - onNext(A)
09:40:26.079 [parallel-1] INFO reactor.Flux.ConcatArray.9 - onNext(B)
09:40:27.080 [parallel-2] INFO reactor.Flux.ConcatArray.9 - onNext(C)
09:40:28.081 [parallel-3] INFO reactor.Flux.ConcatArray.9 - onNext(D)
09:40:29.081 [parallel-4] INFO reactor.Flux.ConcatArray.9 - onNext(E)
09:40:30.082 [parallel-1] INFO reactor.Flux.ConcatArray.9 - onNext(F)
09:40:30.082 [parallel-1] INFO reactor.Flux.ConcatArray.9 - onComplete()
09:40:30.086 [Test worker] INFO reactor.Flux.ConcatMap.10 - onSubscribe(FluxConcatMap.ConcatMapImmediate)
09:40:30.087 [Test worker] INFO reactor.Flux.ConcatMap.10 - request(256)
09:40:30.097 [parallel-2] INFO reactor.Flux.ConcatMap.10 - onNext(Data(key=0, value=Scala rocks, partition=0))
09:40:30.098 [parallel-2] INFO reactor.Flux.ConcatMap.10 - request(1)
09:40:30.108 [parallel-3] INFO reactor.Flux.ConcatMap.10 - onNext(Data(key=1, value=Spring, partition=1))
09:40:30.108 [parallel-3] INFO reactor.Flux.ConcatMap.10 - request(1)
09:40:30.119 [parallel-4] INFO reactor.Flux.ConcatMap.10 - onNext(Data(key=2, value=Reactive Spring, partition=2))
09:40:30.119 [parallel-4] INFO reactor.Flux.ConcatMap.10 - request(1)
09:40:30.130 [parallel-1] INFO reactor.Flux.ConcatMap.10 - onNext(Data(key=3, value=Reactive Spring, partition=0))
09:40:30.140 [parallel-2] INFO reactor.Flux.ConcatMap.10 - onNext(Data(key=4, value=but Java is catching up, partition=1))
09:40:30.151 [parallel-3] INFO reactor.Flux.ConcatMap.10 - onNext(Data(key=5, value=Spring Boot, partition=2))
09:40:30.161 [parallel-4] INFO reactor.Flux.ConcatMap.10 - onNext(Data(key=6, value=reactive programming, partition=0))
09:40:30.177 [parallel-1] INFO reactor.Flux.ConcatMap.10 - onNext(Data(key=7, value=Spring Boot, partition=1))
09:40:30.190 [parallel-2] INFO reactor.Flux.ConcatMap.10 - onNext(Data(key=8, value=reactive programming, partition=2))
09:40:30.200 [parallel-3] INFO reactor.Flux.ConcatMap.10 - onNext(Data(key=9, value=java with lambda, partition=0))
09:40:30.211 [parallel-4] INFO reactor.Flux.ConcatMap.10 - onNext(Data(key=10, value=Scala rocks, partition=1))
09:40:30.221 [parallel-1] INFO reactor.Flux.ConcatMap.10 - onNext(Data(key=11, value=Spring, partition=2))
09:40:30.232 [parallel-2] INFO reactor.Flux.ConcatMap.10 - onNext(Data(key=12, value=java 8, partition=0))
09:40:30.243 [parallel-3] INFO reactor.Flux.ConcatMap.10 - onNext(Data(key=13, value=Scala, partition=1))
09:40:30.253 [parallel-4] INFO reactor.Flux.ConcatMap.10 - onNext(Data(key=14, value=but Java is catching up, partition=2))
09:40:30.264 [parallel-1] INFO reactor.Flux.ConcatMap.10 - onNext(Data(key=15, value=Spring Boot, partition=0))
09:40:30.274 [parallel-2] INFO reactor.Flux.ConcatMap.10 - onNext(Data(key=16, value=Spring, partition=1))
09:40:30.285 [parallel-3] INFO reactor.Flux.ConcatMap.10 - onNext(Data(key=17, value=java with lambda, partition=2))
09:40:30.296 [parallel-4] INFO reactor.Flux.ConcatMap.10 - onNext(Data(key=18, value=Reactive Spring, partition=0))
09:40:30.307 [parallel-1] INFO reactor.Flux.ConcatMap.10 - onNext(Data(key=19, value=java with lambda, partition=1))
09:40:30.317 [parallel-2] INFO reactor.Flux.ConcatMap.10 - onNext(Data(key=20, value=but Java is catching up, partition=2))
09:40:30.328 [parallel-3] INFO reactor.Flux.ConcatMap.10 - onNext(Data(key=21, value=Scala, partition=0))
09:40:30.339 [parallel-4] INFO reactor.Flux.ConcatMap.10 - onNext(Data(key=22, value=reactive programming, partition=1))
09:40:30.349 [parallel-1] INFO reactor.Flux.ConcatMap.10 - onNext(Data(key=23, value=java 8, partition=2))
09:40:30.360 [parallel-2] INFO reactor.Flux.ConcatMap.10 - onNext(Data(key=24, value=Spring, partition=0))
09:40:30.370 [parallel-3] INFO reactor.Flux.ConcatMap.10 - onNext(Data(key=25, value=reactive programming, partition=1))
09:40:30.381 [parallel-4] INFO reactor.Flux.ConcatMap.10 - onNext(Data(key=26, value=java 8, partition=2))
09:40:30.392 [parallel-1] INFO reactor.Flux.ConcatMap.10 - onNext(Data(key=27, value=Spring Boot, partition=0))
09:40:30.402 [parallel-2] INFO reactor.Flux.ConcatMap.10 - onNext(Data(key=28, value=java 8, partition=1))
09:40:30.413 [parallel-3] INFO reactor.Flux.ConcatMap.10 - onNext(Data(key=29, value=Reactive Spring, partition=2))
09:40:30.424 [parallel-4] INFO reactor.Flux.ConcatMap.10 - onNext(Data(key=30, value=Spring Boot, partition=0))
09:40:30.435 [parallel-1] INFO reactor.Flux.ConcatMap.10 - onNext(Data(key=31, value=Spring, partition=1))
09:40:30.445 [parallel-2] INFO reactor.Flux.ConcatMap.10 - onNext(Data(key=32, value=Scala rocks, partition=2))
09:40:30.456 [parallel-3] INFO reactor.Flux.ConcatMap.10 - onNext(Data(key=33, value=java 8, partition=0))
09:40:30.466 [parallel-4] INFO reactor.Flux.ConcatMap.10 - onNext(Data(key=34, value=Spring, partition=1))
09:40:30.477 [parallel-1] INFO reactor.Flux.ConcatMap.10 - onNext(Data(key=35, value=reactive programming, partition=2))
09:40:30.488 [parallel-2] INFO reactor.Flux.ConcatMap.10 - onNext(Data(key=36, value=Reactive Spring, partition=0))
09:40:30.498 [parallel-3] INFO reactor.Flux.ConcatMap.10 - onNext(Data(key=37, value=java 8, partition=1))
09:40:30.509 [parallel-4] INFO reactor.Flux.ConcatMap.10 - onNext(Data(key=38, value=reactive programming, partition=2))
09:40:30.519 [parallel-1] INFO reactor.Flux.ConcatMap.10 - onNext(Data(key=39, value=Spring Boot, partition=0))
09:40:30.530 [parallel-2] INFO reactor.Flux.ConcatMap.10 - onNext(Data(key=40, value=java 8, partition=1))
09:40:30.540 [parallel-3] INFO reactor.Flux.ConcatMap.10 - onNext(Data(key=41, value=Scala, partition=2))
09:40:30.551 [parallel-4] INFO reactor.Flux.ConcatMap.10 - onNext(Data(key=42, value=java with lambda, partition=0))
09:40:30.562 [parallel-1] INFO reactor.Flux.ConcatMap.10 - onNext(Data(key=43, value=java with lambda, partition=1))
09:40:30.572 [parallel-2] INFO reactor.Flux.ConcatMap.10 - onNext(Data(key=44, value=java with lambda, partition=2))
09:40:30.583 [parallel-3] INFO reactor.Flux.ConcatMap.10 - onNext(Data(key=45, value=Spring, partition=0))
09:40:30.593 [parallel-4] INFO reactor.Flux.ConcatMap.10 - onNext(Data(key=46, value=Reactive Spring, partition=1))
09:40:30.604 [parallel-1] INFO reactor.Flux.ConcatMap.10 - onNext(Data(key=47, value=Spring Boot, partition=2))
09:40:30.615 [parallel-2] INFO reactor.Flux.ConcatMap.10 - onNext(Data(key=48, value=Spring Boot, partition=0))
09:40:30.625 [parallel-3] INFO reactor.Flux.ConcatMap.10 - onNext(Data(key=49, value=Spring, partition=1))
09:40:30.636 [parallel-4] INFO reactor.Flux.ConcatMap.10 - onNext(Data(key=50, value=Scala, partition=2))
09:40:30.646 [parallel-1] INFO reactor.Flux.ConcatMap.10 - onNext(Data(key=51, value=Spring, partition=0))
09:40:30.657 [parallel-2] INFO reactor.Flux.ConcatMap.10 - onNext(Data(key=52, value=reactive programming, partition=1))
09:40:30.667 [parallel-3] INFO reactor.Flux.ConcatMap.10 - onNext(Data(key=53, value=Scala rocks, partition=2))
09:40:30.678 [parallel-4] INFO reactor.Flux.ConcatMap.10 - onNext(Data(key=54, value=java 8, partition=0))
09:40:30.688 [parallel-1] INFO reactor.Flux.ConcatMap.10 - onNext(Data(key=55, value=but Java is catching up, partition=1))
09:40:30.699 [parallel-2] INFO reactor.Flux.ConcatMap.10 - onNext(Data(key=56, value=Reactive Spring, partition=2))
09:40:30.710 [parallel-3] INFO reactor.Flux.ConcatMap.10 - onNext(Data(key=57, value=Scala, partition=0))
09:40:30.720 [parallel-4] INFO reactor.Flux.ConcatMap.10 - onNext(Data(key=58, value=Scala, partition=1))
09:40:30.731 [parallel-1] INFO reactor.Flux.ConcatMap.10 - onNext(Data(key=59, value=Scala, partition=2))
09:40:30.742 [parallel-2] INFO reactor.Flux.ConcatMap.10 - onNext(Data(key=60, value=Spring, partition=0))
09:40:30.752 [parallel-3] INFO reactor.Flux.ConcatMap.10 - onNext(Data(key=61, value=Scala, partition=1))
09:40:30.763 [parallel-4] INFO reactor.Flux.ConcatMap.10 - onNext(Data(key=62, value=Scala rocks, partition=2))
09:40:30.773 [parallel-1] INFO reactor.Flux.ConcatMap.10 - onNext(Data(key=63, value=reactive programming, partition=0))
09:40:30.784 [parallel-2] INFO reactor.Flux.ConcatMap.10 - onNext(Data(key=64, value=reactive programming, partition=1))
09:40:30.794 [parallel-3] INFO reactor.Flux.ConcatMap.10 - onNext(Data(key=65, value=Spring Boot, partition=2))
09:40:30.805 [parallel-4] INFO reactor.Flux.ConcatMap.10 - onNext(Data(key=66, value=Spring, partition=0))
09:40:30.815 [parallel-1] INFO reactor.Flux.ConcatMap.10 - onNext(Data(key=67, value=Spring Boot, partition=1))
09:40:30.826 [parallel-2] INFO reactor.Flux.ConcatMap.10 - onNext(Data(key=68, value=java with lambda, partition=2))
09:40:30.836 [parallel-3] INFO reactor.Flux.ConcatMap.10 - onNext(Data(key=69, value=Spring, partition=0))
09:40:30.848 [parallel-4] INFO reactor.Flux.ConcatMap.10 - onNext(Data(key=70, value=java with lambda, partition=1))
09:40:30.859 [parallel-1] INFO reactor.Flux.ConcatMap.10 - onNext(Data(key=71, value=java 8, partition=2))
09:40:30.869 [parallel-2] INFO reactor.Flux.ConcatMap.10 - onNext(Data(key=72, value=java 8, partition=0))
09:40:30.880 [parallel-3] INFO reactor.Flux.ConcatMap.10 - onNext(Data(key=73, value=but Java is catching up, partition=1))
09:40:30.890 [parallel-4] INFO reactor.Flux.ConcatMap.10 - onNext(Data(key=74, value=reactive programming, partition=2))
09:40:30.901 [parallel-1] INFO reactor.Flux.ConcatMap.10 - onNext(Data(key=75, value=Spring, partition=0))
09:40:30.911 [parallel-2] INFO reactor.Flux.ConcatMap.10 - onNext(Data(key=76, value=java 8, partition=1))
09:40:30.922 [parallel-3] INFO reactor.Flux.ConcatMap.10 - onNext(Data(key=77, value=Scala rocks, partition=2))
09:40:30.932 [parallel-4] INFO reactor.Flux.ConcatMap.10 - onNext(Data(key=78, value=but Java is catching up, partition=0))
09:40:30.943 [parallel-1] INFO reactor.Flux.ConcatMap.10 - onNext(Data(key=79, value=java 8, partition=1))
09:40:30.953 [parallel-2] INFO reactor.Flux.ConcatMap.10 - onNext(Data(key=80, value=reactive programming, partition=2))
09:40:30.964 [parallel-3] INFO reactor.Flux.ConcatMap.10 - onNext(Data(key=81, value=Spring Boot, partition=0))
09:40:30.974 [parallel-4] INFO reactor.Flux.ConcatMap.10 - onNext(Data(key=82, value=reactive programming, partition=1))
09:40:30.985 [parallel-1] INFO reactor.Flux.ConcatMap.10 - onNext(Data(key=83, value=Scala, partition=2))
09:40:30.995 [parallel-2] INFO reactor.Flux.ConcatMap.10 - onNext(Data(key=84, value=Scala, partition=0))
09:40:31.006 [parallel-3] INFO reactor.Flux.ConcatMap.10 - onNext(Data(key=85, value=java 8, partition=1))
09:40:31.016 [parallel-4] INFO reactor.Flux.ConcatMap.10 - onNext(Data(key=86, value=java 8, partition=2))
09:40:31.027 [parallel-1] INFO reactor.Flux.ConcatMap.10 - onNext(Data(key=87, value=Spring, partition=0))
09:40:31.037 [parallel-2] INFO reactor.Flux.ConcatMap.10 - onNext(Data(key=88, value=Reactive Spring, partition=1))
09:40:31.048 [parallel-3] INFO reactor.Flux.ConcatMap.10 - onNext(Data(key=89, value=Spring, partition=2))
09:40:31.058 [parallel-4] INFO reactor.Flux.ConcatMap.10 - onNext(Data(key=90, value=Spring, partition=0))
09:40:31.069 [parallel-1] INFO reactor.Flux.ConcatMap.10 - onNext(Data(key=91, value=java 8, partition=1))
09:40:31.080 [parallel-2] INFO reactor.Flux.ConcatMap.10 - onNext(Data(key=92, value=but Java is catching up, partition=2))
09:40:31.090 [parallel-3] INFO reactor.Flux.ConcatMap.10 - onNext(Data(key=93, value=java 8, partition=0))
09:40:31.101 [parallel-4] INFO reactor.Flux.ConcatMap.10 - onNext(Data(key=94, value=java 8, partition=1))
09:40:31.111 [parallel-1] INFO reactor.Flux.ConcatMap.10 - onNext(Data(key=95, value=reactive programming, partition=2))
09:40:31.122 [parallel-2] INFO reactor.Flux.ConcatMap.10 - onNext(Data(key=96, value=reactive programming, partition=0))
09:40:31.132 [parallel-3] INFO reactor.Flux.ConcatMap.10 - onNext(Data(key=97, value=Spring Boot, partition=1))
09:40:31.143 [parallel-4] INFO reactor.Flux.ConcatMap.10 - onNext(Data(key=98, value=reactive programming, partition=2))
09:40:31.153 [parallel-1] INFO reactor.Flux.ConcatMap.10 - onNext(Data(key=99, value=Spring Boot, partition=0))
09:40:31.154 [parallel-1] INFO reactor.Flux.ConcatMap.10 - onComplete()
09:40:31.166 [Test worker] INFO reactor.Flux.Zip.11 - onSubscribe(FluxZip.ZipCoordinator)
09:40:31.167 [Test worker] INFO reactor.Flux.Zip.11 - request(unbounded)
09:40:31.167 [Test worker] INFO reactor.Flux.Zip.11 - onNext(AD)
09:40:31.167 [Test worker] INFO reactor.Flux.Zip.11 - onNext(BE)
09:40:31.167 [Test worker] INFO reactor.Flux.Zip.11 - onNext(CF)
09:40:31.168 [Test worker] INFO reactor.Flux.Zip.11 - onComplete()
09:40:31.171 [Test worker] INFO reactor.Flux.FlatMap.12 - onSubscribe(FluxFlatMap.FlatMapMain)
09:40:31.171 [Test worker] INFO reactor.Flux.FlatMap.12 - request(unbounded)
09:40:32.172 [Test worker] INFO reactor.Flux.FlatMap.12 - onNext(Spring)
09:40:32.172 [Test worker] INFO reactor.Flux.FlatMap.12 - onNext(772e355e-a2c5-426e-9210-fa16b3fce0b1)
09:40:33.173 [Test worker] INFO reactor.Flux.FlatMap.12 - onNext(Spring Boot)
09:40:33.173 [Test worker] INFO reactor.Flux.FlatMap.12 - onNext(c20bba8a-eca5-4f24-a545-73648c5d9f07)
09:40:34.174 [Test worker] INFO reactor.Flux.FlatMap.12 - onNext(Reactive Spring)
09:40:34.175 [Test worker] INFO reactor.Flux.FlatMap.12 - onNext(d3539c4c-d46a-48fa-858c-4f5c29166448)
09:40:35.176 [Test worker] INFO reactor.Flux.FlatMap.12 - onNext(java 8)
09:40:35.177 [Test worker] INFO reactor.Flux.FlatMap.12 - onNext(e7fe9e27-e65f-48d3-bade-4ee948d8436f)
09:40:36.177 [Test worker] INFO reactor.Flux.FlatMap.12 - onNext(reactive programming)
09:40:36.178 [Test worker] INFO reactor.Flux.FlatMap.12 - onNext(c13daabd-04f3-44f3-bf56-a479acb64a4b)
09:40:37.179 [Test worker] INFO reactor.Flux.FlatMap.12 - onNext(java with lambda)
09:40:37.179 [Test worker] INFO reactor.Flux.FlatMap.12 - onNext(dea6034f-a05c-4c85-a6fc-82fc5322871e)
09:40:38.180 [Test worker] INFO reactor.Flux.FlatMap.12 - onNext(Scala)
09:40:38.181 [Test worker] INFO reactor.Flux.FlatMap.12 - onNext(3eff8a80-b29a-46ff-b84e-47b9bcfe6798)
09:40:39.182 [Test worker] INFO reactor.Flux.FlatMap.12 - onNext(Scala rocks)
09:40:39.183 [Test worker] INFO reactor.Flux.FlatMap.12 - onNext(1b10c624-6477-4fe2-81eb-c778539fc952)
09:40:40.184 [Test worker] INFO reactor.Flux.FlatMap.12 - onNext(but Java is catching up)
09:40:40.184 [Test worker] INFO reactor.Flux.FlatMap.12 - onNext(eba3ef83-6c9a-4117-851f-c5c2c6969351)
09:40:40.185 [Test worker] INFO reactor.Flux.FlatMap.12 - onComplete()
09:40:40.193 [Test worker] INFO reactor.Flux.FlatMap.13 - onSubscribe(FluxFlatMap.FlatMapMain)
09:40:40.194 [Test worker] INFO reactor.Flux.FlatMap.13 - request(unbounded)
09:40:41.196 [parallel-2] INFO reactor.Flux.FlatMap.13 - onNext(Spring)
09:40:41.196 [parallel-2] INFO reactor.Flux.FlatMap.13 - onNext(651b7a55-e102-4b48-baf0-07f9fdf3037b)
09:40:41.196 [parallel-2] INFO reactor.Flux.FlatMap.13 - onNext(Reactive Spring)
09:40:41.196 [parallel-2] INFO reactor.Flux.FlatMap.13 - onNext(afb5b5bc-b375-418c-a1ab-8e3911c364c2)
09:40:41.196 [parallel-2] INFO reactor.Flux.FlatMap.13 - onNext(reactive programming)
09:40:41.196 [parallel-2] INFO reactor.Flux.FlatMap.13 - onNext(27f3d4d9-d5a2-4754-b8a7-f354573af3fa)
09:40:41.196 [parallel-2] INFO reactor.Flux.FlatMap.13 - onNext(Scala)
09:40:41.197 [parallel-2] INFO reactor.Flux.FlatMap.13 - onNext(10ca052e-e308-4190-953b-4cab9fd9fb7f)
09:40:42.196 [parallel-3] INFO reactor.Flux.FlatMap.13 - onNext(java 8)
09:40:42.197 [parallel-3] INFO reactor.Flux.FlatMap.13 - onNext(29cc923b-868a-4ddb-832e-22b28f8a92ea)
09:40:42.197 [parallel-3] INFO reactor.Flux.FlatMap.13 - onNext(java with lambda)
09:40:42.197 [parallel-3] INFO reactor.Flux.FlatMap.13 - onNext(c33954e5-2e11-48df-aca7-caba9571e86b)
09:40:42.198 [parallel-3] INFO reactor.Flux.FlatMap.13 - onNext(Scala rocks)
09:40:42.198 [parallel-3] INFO reactor.Flux.FlatMap.13 - onNext(da5b5564-4011-461b-ad8a-59cead607cde)
09:40:42.198 [parallel-3] INFO reactor.Flux.FlatMap.13 - onNext(Spring Boot)
09:40:42.198 [parallel-3] INFO reactor.Flux.FlatMap.13 - onNext(0b6df48a-067f-4acd-9ad0-d8da726e7027)
09:40:43.198 [parallel-2] INFO reactor.Flux.FlatMap.13 - onNext(but Java is catching up)
09:40:43.198 [parallel-2] INFO reactor.Flux.FlatMap.13 - onNext(2865c6e1-1ac8-40fa-92a8-1a1cb24feea6)
09:40:43.198 [parallel-2] INFO reactor.Flux.FlatMap.13 - onComplete()
09:40:43.201 [Test worker] INFO reactor.Flux.Merge.14 - onSubscribe(FluxFlatMap.FlatMapMain)
09:40:43.202 [Test worker] INFO reactor.Flux.Merge.14 - request(unbounded)
09:40:43.202 [Test worker] INFO reactor.Flux.Merge.14 - onNext(A)
09:40:43.202 [Test worker] INFO reactor.Flux.Merge.14 - onNext(B)
09:40:43.202 [Test worker] INFO reactor.Flux.Merge.14 - onNext(C)
09:40:43.202 [Test worker] INFO reactor.Flux.Merge.14 - onNext(D)
09:40:43.202 [Test worker] INFO reactor.Flux.Merge.14 - onNext(E)
09:40:43.202 [Test worker] INFO reactor.Flux.Merge.14 - onNext(F)
09:40:43.203 [Test worker] INFO reactor.Flux.Merge.14 - onComplete()
]]></system-out>
  <system-err><![CDATA[]]></system-err>
</testsuite>
