<?xml version="1.0" encoding="UTF-8"?>
<testsuite name="JUnit Vintage" tests="1" skipped="0" failures="0" errors="0" timestamp="2021-03-10T17:00:24" hostname="cow-11" time="0.001">
  <properties/>
  <testcase name="classMethod" classname="JUnit Vintage" time="0.001"/>
  <system-out><![CDATA[]]></system-out>
  <system-err><![CDATA[]]></system-err>
</testsuite>
