<?xml version="1.0" encoding="UTF-8"?>
<testsuite name="com.github.felipegutierrez.explore.spring.basics.services.SomeCdiBusinessTest" tests="2" skipped="0" failures="0" errors="0" timestamp="2021-03-11T13:08:10" hostname="cow-11" time="0.328">
  <properties/>
  <testcase name="testMockConnection()" classname="com.github.felipegutierrez.explore.spring.basics.services.SomeCdiBusinessTest" time="0.326"/>
  <testcase name="testPersonDaoWithMock()" classname="com.github.felipegutierrez.explore.spring.basics.services.SomeCdiBusinessTest" time="0.001"/>
  <system-out><![CDATA[]]></system-out>
  <system-err><![CDATA[]]></system-err>
</testsuite>
